Determining if the pthread_create exist failed with the following output:
Change Dir: /home/smiyahara/Documents/software/choreonoid/workspace/rlsSimulator/master/build/CMakeFiles/CMakeTmp

Run Build Command:"/usr/bin/make" "cmTC_a81ba/fast"
/usr/bin/make -f CMakeFiles/cmTC_a81ba.dir/build.make CMakeFiles/cmTC_a81ba.dir/build
make[1]: ディレクトリ '/home/smiyahara/Documents/software/choreonoid/workspace/rlsSimulator/master/build/CMakeFiles/CMakeTmp' に入ります
Building C object CMakeFiles/cmTC_a81ba.dir/CheckSymbolExists.c.o
/usr/bin/cc     -o CMakeFiles/cmTC_a81ba.dir/CheckSymbolExists.c.o   -c /home/smiyahara/Documents/software/choreonoid/workspace/rlsSimulator/master/build/CMakeFiles/CMakeTmp/CheckSymbolExists.c
Linking C executable cmTC_a81ba
/usr/bin/cmake -E cmake_link_script CMakeFiles/cmTC_a81ba.dir/link.txt --verbose=1
/usr/bin/cc       CMakeFiles/cmTC_a81ba.dir/CheckSymbolExists.c.o  -o cmTC_a81ba -rdynamic 
CMakeFiles/cmTC_a81ba.dir/CheckSymbolExists.c.o: 関数 `main' 内:
CheckSymbolExists.c:(.text+0x16): `pthread_create' に対する定義されていない参照です
collect2: error: ld returned 1 exit status
CMakeFiles/cmTC_a81ba.dir/build.make:97: ターゲット 'cmTC_a81ba' のレシピで失敗しました
make[1]: *** [cmTC_a81ba] エラー 1
make[1]: ディレクトリ '/home/smiyahara/Documents/software/choreonoid/workspace/rlsSimulator/master/build/CMakeFiles/CMakeTmp' から出ます
Makefile:126: ターゲット 'cmTC_a81ba/fast' のレシピで失敗しました
make: *** [cmTC_a81ba/fast] エラー 2

File /home/smiyahara/Documents/software/choreonoid/workspace/rlsSimulator/master/build/CMakeFiles/CMakeTmp/CheckSymbolExists.c:
/* */
#include <pthread.h>

int main(int argc, char** argv)
{
  (void)argv;
#ifndef pthread_create
  return ((int*)(&pthread_create))[argc];
#else
  (void)argc;
  return 0;
#endif
}

Determining if the function pthread_create exists in the pthreads failed with the following output:
Change Dir: /home/smiyahara/Documents/software/choreonoid/workspace/rlsSimulator/master/build/CMakeFiles/CMakeTmp

Run Build Command:"/usr/bin/make" "cmTC_99cfb/fast"
/usr/bin/make -f CMakeFiles/cmTC_99cfb.dir/build.make CMakeFiles/cmTC_99cfb.dir/build
make[1]: ディレクトリ '/home/smiyahara/Documents/software/choreonoid/workspace/rlsSimulator/master/build/CMakeFiles/CMakeTmp' に入ります
Building C object CMakeFiles/cmTC_99cfb.dir/CheckFunctionExists.c.o
/usr/bin/cc    -DCHECK_FUNCTION_EXISTS=pthread_create   -o CMakeFiles/cmTC_99cfb.dir/CheckFunctionExists.c.o   -c /usr/share/cmake-3.5/Modules/CheckFunctionExists.c
Linking C executable cmTC_99cfb
/usr/bin/cmake -E cmake_link_script CMakeFiles/cmTC_99cfb.dir/link.txt --verbose=1
/usr/bin/cc   -DCHECK_FUNCTION_EXISTS=pthread_create    CMakeFiles/cmTC_99cfb.dir/CheckFunctionExists.c.o  -o cmTC_99cfb -rdynamic -lpthreads 
/usr/bin/ld: -lpthreads が見つかりません
collect2: error: ld returned 1 exit status
CMakeFiles/cmTC_99cfb.dir/build.make:97: ターゲット 'cmTC_99cfb' のレシピで失敗しました
make[1]: *** [cmTC_99cfb] エラー 1
make[1]: ディレクトリ '/home/smiyahara/Documents/software/choreonoid/workspace/rlsSimulator/master/build/CMakeFiles/CMakeTmp' から出ます
Makefile:126: ターゲット 'cmTC_99cfb/fast' のレシピで失敗しました
make: *** [cmTC_99cfb/fast] エラー 2


